c:\users\lewis\documents\github\marioproject\marioproject\debug\vc142.pdb
c:\users\lewis\documents\github\marioproject\marioproject\debug\vc142.idb
c:\users\lewis\documents\github\marioproject\marioproject\debug\texture2d.obj
c:\users\lewis\documents\github\marioproject\marioproject\debug\source.obj
c:\users\lewis\documents\github\marioproject\marioproject\debug\soundeffect.obj
c:\users\lewis\documents\github\marioproject\marioproject\debug\shotgun.obj
c:\users\lewis\documents\github\marioproject\marioproject\debug\main.obj
c:\users\lewis\documents\github\marioproject\marioproject\debug\gamescreenmanager.obj
c:\users\lewis\documents\github\marioproject\marioproject\debug\gamescreenlevel1.obj
c:\users\lewis\documents\github\marioproject\marioproject\debug\gamescreen.obj
c:\users\lewis\documents\github\marioproject\marioproject\debug\player.obj
c:\users\lewis\documents\github\marioproject\marioproject\debug\levelmap.obj
c:\users\lewis\documents\github\marioproject\marioproject\debug\hud.obj
c:\users\lewis\documents\github\marioproject\marioproject\debug\gamescreenmenu.obj
c:\users\lewis\documents\github\marioproject\marioproject\debug\gamescreenlevel2.obj
c:\users\lewis\documents\github\marioproject\marioproject\debug\gamescreenintro.obj
c:\users\lewis\documents\github\marioproject\marioproject\debug\enemykoopa.obj
c:\users\lewis\documents\github\marioproject\marioproject\debug\collisions.obj
c:\users\lewis\documents\github\marioproject\marioproject\debug\character.obj
c:\users\lewis\documents\github\marioproject\marioproject\debug\mariobaseproject.pdb
c:\users\lewis\documents\github\marioproject\marioproject\debug\mariobaseproject.tlog\cl.command.1.tlog
c:\users\lewis\documents\github\marioproject\marioproject\debug\mariobaseproject.tlog\cl.read.1.tlog
c:\users\lewis\documents\github\marioproject\marioproject\debug\mariobaseproject.tlog\cl.write.1.tlog
c:\users\lewis\documents\github\marioproject\marioproject\debug\mariobaseproject.tlog\link-cvtres.read.1.tlog
c:\users\lewis\documents\github\marioproject\marioproject\debug\mariobaseproject.tlog\link-cvtres.write.1.tlog
c:\users\lewis\documents\github\marioproject\marioproject\debug\mariobaseproject.tlog\link-rc.read.1.tlog
c:\users\lewis\documents\github\marioproject\marioproject\debug\mariobaseproject.tlog\link-rc.write.1.tlog
c:\users\lewis\documents\github\marioproject\marioproject\debug\mariobaseproject.tlog\link.command.1.tlog
c:\users\lewis\documents\github\marioproject\marioproject\debug\mariobaseproject.tlog\link.read.1.tlog
c:\users\lewis\documents\github\marioproject\marioproject\debug\mariobaseproject.tlog\link.write.1.tlog
